<?xml version="1.0" encoding="UTF-8"?>
<!-- Generated by org.testng.reporters.JUnitReportReporter -->
<testsuite hostname="LapWinX-DAC70" failures="0" tests="1" name="test.day1" time="0.010" errors="0" timestamp="2022-08-30T15:26:46 IST" skipped="0">
  <testcase classname="test.day1" name="demo" time="0.010"/>
  <system-out/>
</testsuite> <!-- test.day1 -->
