<?xml version="1.0" encoding="UTF-8"?>
<!-- Generated by org.testng.reporters.JUnitReportReporter -->
<testsuite hostname="LapWinX-DAC70" failures="0" tests="3" name="test.TestNGModule1" time="0.013" errors="0" timestamp="2023-11-02T13:15:47 IST" skipped="0">
  <testcase classname="test.TestNGModule1" name="testCaseTwo" time="0.005"/>
  <system-out/>
  <testcase classname="test.TestNGModule1" name="testCaseThree" time="0.002"/>
  <system-out/>
  <testcase classname="test.TestNGModule1" name="testCaseOne" time="0.006"/>
  <system-out/>
</testsuite> <!-- test.TestNGModule1 -->
