<?xml version="1.0" encoding="UTF-8"?>
<!-- Generated by org.testng.reporters.JUnitReportReporter -->
<testsuite hostname="LapWinX-DAC70" failures="0" tests="4" name="test.TestNGLoginModule" time="0.013" errors="0" timestamp="2023-11-10T15:36:05 IST" skipped="0">
  <testcase classname="test.TestNGLoginModule" name="loginFunction" time="0.003"/>
  <system-out/>
  <testcase classname="test.TestNGLoginModule" name="loginFunction" time="0.001"/>
  <system-out/>
  <testcase classname="test.TestNGLoginModule" name="loginFunction" time="0.001"/>
  <system-out/>
  <testcase classname="test.TestNGLoginModule" name="loadPage" time="0.008"/>
  <system-out/>
</testsuite> <!-- test.TestNGLoginModule -->
