<?xml version="1.0" encoding="UTF-8"?>
<!-- Generated by org.testng.reporters.JUnitReportReporter -->
<testsuite hostname="LapWinX-DAC70" failures="0" tests="3" name="test.TestNGDemo" time="0.019" errors="0" timestamp="2023-10-30T21:18:27 IST" skipped="0">
  <testcase classname="test.TestNGDemo" name="testCaseOne" time="0.017"/>
  <system-out/>
  <testcase classname="test.TestNGDemo" name="testCaseTwo" time="0.001"/>
  <system-out/>
  <testcase classname="test.TestNGDemo" name="testCaseThree" time="0.001"/>
  <system-out/>
</testsuite> <!-- test.TestNGDemo -->
