<?xml version="1.0" encoding="UTF-8"?>
<!-- Generated by org.testng.reporters.JUnitReportReporter -->
<testsuite hostname="LapWinX-DAC70" failures="0" tests="1" name="test.TestNGDemo2" time="0.002" errors="0" timestamp="2023-10-30T21:18:27 IST" skipped="0">
  <testcase classname="test.TestNGDemo2" name="testCaseOne" time="0.002"/>
  <system-out/>
</testsuite> <!-- test.TestNGDemo2 -->
