<?xml version="1.0" encoding="UTF-8"?>
<!-- Generated by org.testng.reporters.JUnitReportReporter -->
<testsuite hostname="LapWinX-DAC70" failures="0" tests="2" name="test.TestNGModule3" time="0.010" errors="0" timestamp="2023-11-02T13:16:07 IST" skipped="0">
  <testcase classname="test.TestNGModule3" name="tescaseTwo" time="0.001"/>
  <system-out/>
  <testcase classname="test.TestNGModule3" name="tescaseOne" time="0.009"/>
  <system-out/>
</testsuite> <!-- test.TestNGModule3 -->
