<?xml version="1.0" encoding="UTF-8"?>
<!-- Generated by org.testng.reporters.JUnitReportReporter -->
<testsuite hostname="LapWinX-DAC70" failures="0" tests="4" name="test.TestNGModule2" time="0.008" errors="0" timestamp="2023-11-02T13:29:18 IST" skipped="1">
  <testcase classname="test.TestNGModule2" name="mobileAPI" time="0.001"/>
  <system-out/>
  <testcase classname="test.TestNGModule2" name="testCaseOne" time="0.005"/>
  <system-out/>
  <testcase classname="test.TestNGModule2" name="mobileUITest" time="0.002"/>
  <system-out/>
  <testcase classname="test.TestNGModule2" name="mobileFunctTest">
    <skipped/>
  </testcase> <!-- mobileFunctTest -->
  <system-out/>
</testsuite> <!-- test.TestNGModule2 -->
